<?xml version="1.0" encoding="UTF-8"?>
<!-- Generated by org.testng.reporters.JUnitReportReporter -->
<testsuite hostname="KARTSUB4-1LWN0" name="com.crm.qa.testcases.LoginPageTest" tests="3" failures="0" timestamp="23 Nov 2018 13:05:46 GMT" time="69.739" errors="0">
  <testcase name="loginPageTitleTest" time="19.875" classname="com.crm.qa.testcases.LoginPageTest"/>
  <testcase name="crmlogotest" time="17.628" classname="com.crm.qa.testcases.LoginPageTest"/>
  <testcase name="LoginTest" time="32.236" classname="com.crm.qa.testcases.LoginPageTest"/>
</testsuite> <!-- com.crm.qa.testcases.LoginPageTest -->
