<?xml version="1.0" encoding="UTF-8"?>
<!-- Generated by org.testng.reporters.JUnitReportReporter -->
<testsuite hostname="KARTSUB4-1LWN0" name="com.crm.qa.testcases.LoginPageTest" tests="3" failures="0" timestamp="27 Nov 2018 06:57:04 GMT" time="76.542" errors="0">
  <testcase name="LoginTest" time="36.935" classname="com.crm.qa.testcases.LoginPageTest"/>
  <testcase name="crmlogotest" time="18.240" classname="com.crm.qa.testcases.LoginPageTest"/>
  <testcase name="loginPageTitleTest" time="21.367" classname="com.crm.qa.testcases.LoginPageTest"/>
</testsuite> <!-- com.crm.qa.testcases.LoginPageTest -->
